2018-07-12 21:23:06 | [INFO]    | Discordia 2.3.0
2018-07-12 21:23:06 | [INFO]    | Connecting to Discord...
2018-07-12 21:23:17 | [INFO]    | Authenticated as sztobot#4669
2018-07-12 21:23:28 | [INFO]    | Launching shard 0 (1 out of 1)...
2018-07-12 21:23:29 | [INFO]    | Shard 0 : Connected to wss://gateway.discord.gg
2018-07-12 21:23:29 | [INFO]    | Shard 0 : Received HELLO (gateway-prd-main-kg6w)
2018-07-12 21:23:47 | [INFO]    | Shard 0 : Session invalidated, re-identifying...
2018-07-12 21:24:34 | [INFO]    | Discordia 2.3.0
2018-07-12 21:24:34 | [INFO]    | Connecting to Discord...
2018-07-12 21:24:39 | [INFO]    | Authenticated as sztobot#4669
2018-07-12 21:24:39 | [INFO]    | Launching shard 0 (1 out of 1)...
2018-07-12 21:24:39 | [INFO]    | Shard 0 : Connected to wss://gateway.discord.gg
2018-07-12 21:24:39 | [INFO]    | Shard 0 : Received HELLO (gateway-prd-main-fnsl)
2018-07-12 21:26:23 | [INFO]    | Shard 0 : Session invalidated, re-identifying...
2018-07-12 21:26:31 | [WARNING] | Shard 0 : 4000 - Unknown error.
2018-07-12 21:26:31 | [INFO]    | Shard 0 : Disconnected
2018-07-12 21:26:31 | [INFO]    | Shard 0 : Reconnecting after 990 ms...
2018-07-12 21:26:33 | [INFO]    | Shard 0 : Connected to wss://gateway.discord.gg
2018-07-12 21:26:33 | [INFO]    | Shard 0 : Received HELLO (gateway-prd-main-37jv)
2018-07-12 21:27:54 | [INFO]    | Shard 0 : Session invalidated, re-identifying...
2018-07-12 21:28:20 | [INFO]    | Discordia 2.3.0
2018-07-12 21:28:20 | [INFO]    | Connecting to Discord...
2018-07-12 21:28:21 | [INFO]    | Authenticated as sztobot#4669
2018-07-12 21:28:21 | [INFO]    | Launching shard 0 (1 out of 1)...
2018-07-12 21:28:21 | [INFO]    | Shard 0 : Connected to wss://gateway.discord.gg
2018-07-12 21:28:21 | [INFO]    | Shard 0 : Received HELLO (gateway-prd-main-rr4m)
2018-07-12 21:29:37 | [INFO]    | Discordia 2.3.0
2018-07-12 21:29:37 | [INFO]    | Connecting to Discord...
2018-07-12 21:29:38 | [INFO]    | Authenticated as sztobot#4669
2018-07-12 21:29:38 | [INFO]    | Launching shard 0 (1 out of 1)...
2018-07-12 21:29:39 | [INFO]    | Shard 0 : Connected to wss://gateway.discord.gg
2018-07-12 21:29:39 | [INFO]    | Shard 0 : Received HELLO (gateway-prd-main-d3vr)
2018-07-12 21:30:31 | [INFO]    | Shard 0 : Session invalidated, re-identifying...
2018-07-12 21:31:19 | [INFO]    | Discordia 2.3.0
2018-07-12 21:31:19 | [INFO]    | Connecting to Discord...
2018-07-12 21:31:20 | [INFO]    | Authenticated as sztobot#4669
2018-07-12 21:31:20 | [INFO]    | Launching shard 0 (1 out of 1)...
2018-07-12 21:31:20 | [INFO]    | Shard 0 : Connected to wss://gateway.discord.gg
2018-07-12 21:31:20 | [INFO]    | Shard 0 : Received HELLO (gateway-prd-main-v1h0)
2018-07-12 21:31:21 | [INFO]    | Shard 0 : Received READY (gateway-prd-main-v1h0, discord-sessions-prd-1-20)
2018-07-12 22:04:43 | [ERROR]   | 500 - INTERNAL SERVER ERROR : POST https://discordapp.com/api/v7/channels/438344723355271168/messages
2018-07-12 22:04:59 | [ERROR]   | 500 - INTERNAL SERVER ERROR : POST https://discordapp.com/api/v7/channels/438344723355271168/messages
2018-07-13 12:57:57 | [INFO]    | Discordia 2.3.0
2018-07-13 12:57:57 | [INFO]    | Connecting to Discord...
2018-07-13 12:57:57 | [INFO]    | Authenticated as sztobot#4669
2018-07-13 12:57:58 | [INFO]    | Launching shard 0 (1 out of 1)...
2018-07-13 12:57:58 | [INFO]    | Shard 0 : Connected to wss://gateway.discord.gg
2018-07-13 12:57:58 | [INFO]    | Shard 0 : Received HELLO (gateway-prd-main-jptr)
2018-07-13 12:57:58 | [INFO]    | Shard 0 : Received READY (gateway-prd-main-jptr, discord-sessions-prd-1-18)
2018-07-13 15:05:29 | [INFO]    | Discordia 2.3.0
2018-07-13 15:05:29 | [INFO]    | Connecting to Discord...
2018-07-13 15:05:29 | [INFO]    | Authenticated as sztobot#4669
2018-07-13 15:05:30 | [INFO]    | Launching shard 0 (1 out of 1)...
2018-07-13 15:05:30 | [INFO]    | Shard 0 : Connected to wss://gateway.discord.gg
2018-07-13 15:05:30 | [INFO]    | Shard 0 : Received HELLO (gateway-prd-main-7dp6)
2018-07-13 15:05:30 | [INFO]    | Shard 0 : Received READY (gateway-prd-main-7dp6, discord-sessions-prd-1-9)
2018-07-14 14:54:51 | [INFO]    | Discordia 2.3.0
2018-07-14 14:54:51 | [INFO]    | Connecting to Discord...
2018-07-14 14:54:51 | [INFO]    | Authenticated as sztobot#4669
2018-07-14 14:54:51 | [INFO]    | Launching shard 0 (1 out of 1)...
2018-07-14 14:54:52 | [INFO]    | Shard 0 : Connected to wss://gateway.discord.gg
2018-07-14 14:54:52 | [INFO]    | Shard 0 : Received HELLO (gateway-prd-main-8v6p)
2018-07-14 14:54:52 | [INFO]    | Shard 0 : Received READY (gateway-prd-main-8v6p, discord-sessions-prd-1-14)
2018-07-15 18:22:06 | [INFO]    | Discordia 2.3.0
2018-07-15 18:22:06 | [INFO]    | Connecting to Discord...
2018-07-15 18:22:06 | [INFO]    | Authenticated as sztobot#4669
2018-07-15 18:22:06 | [INFO]    | Launching shard 0 (1 out of 1)...
2018-07-15 18:22:07 | [INFO]    | Shard 0 : Connected to wss://gateway.discord.gg
2018-07-15 18:22:07 | [INFO]    | Shard 0 : Received HELLO (gateway-prd-main-xkfb)
2018-07-15 18:22:07 | [INFO]    | Shard 0 : Received READY (gateway-prd-main-xkfb, discord-sessions-prd-1-2)
2018-07-15 18:25:28 | [INFO]    | Discordia 2.3.0
2018-07-15 18:25:28 | [INFO]    | Connecting to Discord...
2018-07-15 18:25:28 | [INFO]    | Authenticated as sztobot#4669
2018-07-15 18:25:28 | [INFO]    | Launching shard 0 (1 out of 1)...
2018-07-15 18:25:28 | [INFO]    | Shard 0 : Connected to wss://gateway.discord.gg
2018-07-15 18:25:28 | [INFO]    | Shard 0 : Received HELLO (gateway-prd-main-65f5)
2018-07-15 18:25:28 | [INFO]    | Shard 0 : Received READY (gateway-prd-main-65f5, discord-sessions-prd-1-5)
2018-07-15 18:39:18 | [INFO]    | Discordia 2.3.0
2018-07-15 18:39:18 | [INFO]    | Connecting to Discord...
2018-07-15 18:39:19 | [INFO]    | Authenticated as sztobot#4669
2018-07-15 18:39:19 | [INFO]    | Launching shard 0 (1 out of 1)...
2018-07-15 18:39:19 | [INFO]    | Shard 0 : Connected to wss://gateway.discord.gg
2018-07-15 18:39:19 | [INFO]    | Shard 0 : Received HELLO (gateway-prd-main-37jv)
2018-07-15 18:39:20 | [INFO]    | Shard 0 : Received READY (gateway-prd-main-37jv, discord-sessions-prd-1-2)
2018-07-15 18:43:08 | [INFO]    | Discordia 2.3.0
2018-07-15 18:43:08 | [INFO]    | Connecting to Discord...
2018-07-15 18:43:08 | [INFO]    | Authenticated as sztobot#4669
2018-07-15 18:43:08 | [INFO]    | Launching shard 0 (1 out of 1)...
2018-07-15 18:43:09 | [INFO]    | Shard 0 : Connected to wss://gateway.discord.gg
2018-07-15 18:43:09 | [INFO]    | Shard 0 : Received HELLO (gateway-prd-main-kg6w)
2018-07-15 18:43:09 | [INFO]    | Shard 0 : Received READY (gateway-prd-main-kg6w, discord-sessions-prd-1-15)
2018-07-15 18:46:45 | [INFO]    | Discordia 2.3.0
2018-07-15 18:46:45 | [INFO]    | Connecting to Discord...
2018-07-15 18:46:45 | [INFO]    | Authenticated as sztobot#4669
2018-07-15 18:46:45 | [INFO]    | Launching shard 0 (1 out of 1)...
2018-07-15 18:46:46 | [INFO]    | Shard 0 : Connected to wss://gateway.discord.gg
2018-07-15 18:46:46 | [INFO]    | Shard 0 : Received HELLO (gateway-prd-main-6lhw)
2018-07-15 18:46:46 | [INFO]    | Shard 0 : Received READY (gateway-prd-main-6lhw, discord-sessions-prd-1-1)
2018-07-15 18:48:44 | [INFO]    | Discordia 2.3.0
2018-07-15 18:48:44 | [INFO]    | Connecting to Discord...
2018-07-15 18:48:45 | [INFO]    | Authenticated as sztobot#4669
2018-07-15 18:48:45 | [INFO]    | Launching shard 0 (1 out of 1)...
2018-07-15 18:48:45 | [INFO]    | Shard 0 : Connected to wss://gateway.discord.gg
2018-07-15 18:48:45 | [INFO]    | Shard 0 : Received HELLO (gateway-prd-main-wd86)
2018-07-15 18:48:45 | [INFO]    | Shard 0 : Received READY (gateway-prd-main-wd86, discord-sessions-prd-1-11)
2018-07-15 18:50:00 | [INFO]    | Discordia 2.3.0
2018-07-15 18:50:00 | [INFO]    | Connecting to Discord...
2018-07-15 18:50:00 | [INFO]    | Authenticated as sztobot#4669
2018-07-15 18:50:00 | [INFO]    | Launching shard 0 (1 out of 1)...
2018-07-15 18:50:00 | [INFO]    | Shard 0 : Connected to wss://gateway.discord.gg
2018-07-15 18:50:00 | [INFO]    | Shard 0 : Received HELLO (gateway-prd-main-bhvf)
2018-07-15 18:50:00 | [INFO]    | Shard 0 : Received READY (gateway-prd-main-bhvf, discord-sessions-prd-1-17)
